MyTrainingCodeNew/app/build/outputs/logs/manifest-merger-debug-report.txt
-- Merging decision tree log ---
manifest
ADDED from AndroidManifest.xml:2:1
	xmlns:android
		ADDED from AndroidManifest.xml:2:11
	package
		ADDED from AndroidManifest.xml:3:5
		INJECTED from AndroidManifest.xml:0:0
		INJECTED from AndroidManifest.xml:0:0
	android:versionName
		ADDED from AndroidManifest.xml:5:5
	android:versionCode
		ADDED from AndroidManifest.xml:4:5
		INJECTED from AndroidManifest.xml:0:0
		INJECTED from AndroidManifest.xml:0:0
uses-sdk
ADDED from AndroidManifest.xml:7:5
	android:targetSdkVersion
		ADDED from AndroidManifest.xml:9:9
		INJECTED from AndroidManifest.xml:0:0
		INJECTED from AndroidManifest.xml:0:0
	android:minSdkVersion
		ADDED from AndroidManifest.xml:8:9
		INJECTED from AndroidManifest.xml:0:0
		INJECTED from AndroidManifest.xml:0:0
uses-permission#android.permission.WRITE_EXTERNAL_STORAGE
ADDED from AndroidManifest.xml:11:5
	android:name
		ADDED from AndroidManifest.xml:11:22
uses-permission#android.permission.NFC
ADDED from AndroidManifest.xml:12:5
	android:name
		ADDED from AndroidManifest.xml:12:22
uses-permission#android.permission.CAMERA
ADDED from AndroidManifest.xml:13:5
	android:name
		ADDED from AndroidManifest.xml:13:22
uses-permission#android.permission.INTERNET
ADDED from AndroidManifest.xml:14:5
	android:name
		ADDED from AndroidManifest.xml:14:22
uses-feature#android.hardware.nfc
ADDED from AndroidManifest.xml:16:5
	android:required
		ADDED from AndroidManifest.xml:18:9
	android:name
		ADDED from AndroidManifest.xml:17:9
uses-feature#android.hardware.camera
ADDED from AndroidManifest.xml:19:5
	android:required
		ADDED from AndroidManifest.xml:21:9
	android:name
		ADDED from AndroidManifest.xml:20:9
uses-feature#android.hardware.camera.autofocus
ADDED from AndroidManifest.xml:22:5
	android:required
		ADDED from AndroidManifest.xml:23:9
	android:name
		ADDED from AndroidManifest.xml:22:19
uses-feature#0x00020000
ADDED from AndroidManifest.xml:24:5
	android:required
		ADDED from AndroidManifest.xml:25:9
	android:glEsVersion
		ADDED from AndroidManifest.xml:24:19
application
ADDED from AndroidManifest.xml:29:5
	android:label
		ADDED from AndroidManifest.xml:32:9
	android:allowBackup
		ADDED from AndroidManifest.xml:30:9
	android:icon
		ADDED from AndroidManifest.xml:31:9
	android:theme
		ADDED from AndroidManifest.xml:33:9
activity#com.sun.training.actionbar.MainActivity
ADDED from AndroidManifest.xml:36:9
	android:label
		ADDED from AndroidManifest.xml:38:13
	android:theme
		ADDED from AndroidManifest.xml:39:13
	android:name
		ADDED from AndroidManifest.xml:37:13
activity#com.sun.training.actionbar.DisplayMessageActivity
ADDED from AndroidManifest.xml:41:9
	android:label
		ADDED from AndroidManifest.xml:43:13
	android:theme
		ADDED from AndroidManifest.xml:45:13
	android:parentActivityName
		ADDED from AndroidManifest.xml:44:13
	android:name
		ADDED from AndroidManifest.xml:42:13
meta-data#android.support.PARENT_ACTIVITY
ADDED from AndroidManifest.xml:46:13
	android:name
		ADDED from AndroidManifest.xml:47:17
	android:value
		ADDED from AndroidManifest.xml:48:17
activity#com.sun.training.actionbar.DetailActivity
ADDED from AndroidManifest.xml:50:9
	android:label
		ADDED from AndroidManifest.xml:52:13
	android:theme
		ADDED from AndroidManifest.xml:54:13
	android:parentActivityName
		ADDED from AndroidManifest.xml:53:13
	android:name
		ADDED from AndroidManifest.xml:51:13
activity#com.sun.training.actionbar.OverlayActionBarActivity
ADDED from AndroidManifest.xml:56:9
	android:label
		ADDED from AndroidManifest.xml:58:13
	android:theme
		ADDED from AndroidManifest.xml:60:13
	android:parentActivityName
		ADDED from AndroidManifest.xml:59:13
	android:name
		ADDED from AndroidManifest.xml:57:13
activity#com.sun.training.fragment.NewsArticlesActivity
ADDED from AndroidManifest.xml:64:9
	android:name
		ADDED from AndroidManifest.xml:64:19
activity#com.sun.training.nfc.NfcActivity
ADDED from AndroidManifest.xml:68:9
	android:name
		ADDED from AndroidManifest.xml:68:19
activity#com.sun.training.nfc.ViewActivity
ADDED from AndroidManifest.xml:70:9
	android:label
		ADDED from AndroidManifest.xml:72:13
	android:name
		ADDED from AndroidManifest.xml:71:13
intent-filter#android.intent.action.VIEW+android.intent.category.DEFAULT
ADDED from AndroidManifest.xml:73:13
action#android.intent.action.VIEW
ADDED from AndroidManifest.xml:74:17
	android:name
		ADDED from AndroidManifest.xml:74:25
category#android.intent.category.DEFAULT
ADDED from AndroidManifest.xml:76:17
	android:name
		ADDED from AndroidManifest.xml:76:27
activity#com.sun.training.savingdata.TestSavingDataActivity
ADDED from AndroidManifest.xml:81:9
	android:name
		ADDED from AndroidManifest.xml:81:19
activity#com.sun.training.interacting_between_apps.StartOtherAppActivity
ADDED from AndroidManifest.xml:85:9
	android:name
		ADDED from AndroidManifest.xml:85:19
activity#com.sun.training.interacting_between_apps.GetResultActivity
ADDED from AndroidManifest.xml:87:9
	android:name
		ADDED from AndroidManifest.xml:87:19
activity#com.sun.training.interacting_between_apps.ShareActivity
ADDED from AndroidManifest.xml:89:9
	android:name
		ADDED from AndroidManifest.xml:89:19
intent-filter#android.intent.action.SEND+android.intent.category.DEFAULT
ADDED from AndroidManifest.xml:90:13
action#android.intent.action.SEND
ADDED from AndroidManifest.xml:91:17
	android:name
		ADDED from AndroidManifest.xml:91:25
data
ADDED from AndroidManifest.xml:95:17
	android:mimeType
		ADDED from AndroidManifest.xml:95:23
intent-filter#android.intent.action.SENDTO+android.intent.category.DEFAULT
ADDED from AndroidManifest.xml:102:13
action#android.intent.action.SENDTO
ADDED from AndroidManifest.xml:103:17
	android:name
		ADDED from AndroidManifest.xml:103:25
receiver#com.sun.training.audio_playback.RemoteControlReceiver
ADDED from AndroidManifest.xml:122:9
	android:name
		ADDED from AndroidManifest.xml:122:19
intent-filter#android.intent.action.MEDIA_BUTTON
ADDED from AndroidManifest.xml:123:13
action#android.intent.action.MEDIA_BUTTON
ADDED from AndroidManifest.xml:124:17
	android:name
		ADDED from AndroidManifest.xml:124:25
activity#com.sun.training.audio_playback.ManageAudioPlaybackActivity
ADDED from AndroidManifest.xml:127:9
	android:name
		ADDED from AndroidManifest.xml:127:19
activity#com.sun.training.capture_photo.TakePhotosActivity
ADDED from AndroidManifest.xml:131:9
	android:name
		ADDED from AndroidManifest.xml:131:19
activity#com.sun.training.capture_photo.ControllCameraActivity
ADDED from AndroidManifest.xml:133:9
	android:name
		ADDED from AndroidManifest.xml:133:19
activity#com.sun.training.print_content.PrintContentActivity
ADDED from AndroidManifest.xml:137:9
	android:name
		ADDED from AndroidManifest.xml:137:19
activity#com.sun.training.display_bitmap.DisplayBitmapActivity
ADDED from AndroidManifest.xml:141:9
	android:name
		ADDED from AndroidManifest.xml:141:19
activity#com.sun.training.display_bitmap.CacheBitmapActivity
ADDED from AndroidManifest.xml:143:9
	android:name
		ADDED from AndroidManifest.xml:143:19
activity#com.sun.training.display_bitmap.ImageDetailActivity
ADDED from AndroidManifest.xml:145:9
	android:name
		ADDED from AndroidManifest.xml:145:19
activity#com.sun.training.opengl_es.OpenGLES20Activity
ADDED from AndroidManifest.xml:149:9
	android:name
		ADDED from AndroidManifest.xml:149:19
activity#com.sun.training.animation.CrossfadeActivity
ADDED from AndroidManifest.xml:153:9
	android:name
		ADDED from AndroidManifest.xml:153:19
activity#com.sun.training.animation.LayoutChangesActivity
ADDED from AndroidManifest.xml:155:9
	android:name
		ADDED from AndroidManifest.xml:155:19
intent-filter#android.intent.action.MAIN+android.intent.category.LAUNCHER
ADDED from AndroidManifest.xml:156:13
action#android.intent.action.MAIN
ADDED from AndroidManifest.xml:157:17
	android:name
		ADDED from AndroidManifest.xml:157:25
category#android.intent.category.LAUNCHER
ADDED from AndroidManifest.xml:159:17
	android:name
		ADDED from AndroidManifest.xml:159:27